<?xml version="1.0" encoding="UTF-8"?>
<!-- Generated by org.testng.reporters.JUnitReportReporter -->
<testsuite skipped="0" hostname="DESKTOP-88C78MG" name="com.test.Test1Test" tests="3" failures="0" timestamp="07 Nov 2018 00:24:33 GMT" time="35.913" errors="0">
  <testcase name="test_Page_Title" time="9.041" classname="com.test.Test1Test"/>
  <testcase name="test_Login_InvalidCredentials" time="14.743" classname="com.test.Test1Test"/>
  <testcase name="test_FAQ_Page" time="12.129" classname="com.test.Test1Test"/>
</testsuite> <!-- com.test.Test1Test -->
